[0417/215236.260:ERROR:process_info.cc(625)] range at 0xfefdf000, size 0x230 fully unreadable
[0417/215236.269:ERROR:process_info.cc(625)] range at 0xfefde000, size 0xf84 fully unreadable
[0417/215236.270:ERROR:process_info.cc(625)] range at 0xfefdb000, size 0xf84 fully unreadable
[0417/215236.270:ERROR:process_info.cc(625)] range at 0xfefd7000, size 0xf84 fully unreadable
[0417/215236.270:ERROR:process_info.cc(625)] range at 0xfeeaf000, size 0xf84 fully unreadable
[0417/215236.270:ERROR:process_info.cc(625)] range at 0xfeeac000, size 0xf84 fully unreadable
[0417/215236.270:ERROR:process_info.cc(625)] range at 0xfeea9000, size 0xf84 fully unreadable
[0417/215236.270:ERROR:process_info.cc(625)] range at 0xfeea6000, size 0xf84 fully unreadable
[0417/215236.270:ERROR:process_info.cc(625)] range at 0xfeea3000, size 0xf84 fully unreadable
[0417/215236.270:ERROR:process_info.cc(625)] range at 0xfeea0000, size 0xf84 fully unreadable
[0417/215236.270:ERROR:process_info.cc(625)] range at 0xfee9d000, size 0xf84 fully unreadable
[0417/215236.270:ERROR:process_info.cc(625)] range at 0xfee9a000, size 0xf84 fully unreadable
[0417/215236.270:ERROR:process_info.cc(625)] range at 0xfee97000, size 0xf84 fully unreadable
[0417/215236.270:ERROR:process_info.cc(625)] range at 0xfee94000, size 0xf84 fully unreadable
[0417/215236.270:ERROR:process_info.cc(625)] range at 0xfee91000, size 0xf84 fully unreadable
[0417/215236.270:ERROR:process_info.cc(625)] range at 0xfee8e000, size 0xf84 fully unreadable
[0417/215236.270:ERROR:process_info.cc(625)] range at 0xfee8b000, size 0xf84 fully unreadable
[0417/215236.270:ERROR:process_info.cc(625)] range at 0xfee88000, size 0xf84 fully unreadable
[0417/215507.720:ERROR:process_info.cc(625)] range at 0xfeeb3000, size 0x230 fully unreadable
[0417/215507.728:ERROR:process_info.cc(625)] range at 0xfeebf000, size 0xf84 fully unreadable
[0417/215507.728:ERROR:process_info.cc(625)] range at 0xfeebc000, size 0xf84 fully unreadable
[0417/215507.728:ERROR:process_info.cc(625)] range at 0xfeeb6000, size 0xf84 fully unreadable
[0417/215507.728:ERROR:process_info.cc(625)] range at 0xfed8f000, size 0xf84 fully unreadable
[0417/215507.728:ERROR:process_info.cc(625)] range at 0xfed8c000, size 0xf84 fully unreadable
[0417/215507.728:ERROR:process_info.cc(625)] range at 0xfed89000, size 0xf84 fully unreadable
[0417/215507.728:ERROR:process_info.cc(625)] range at 0xfed86000, size 0xf84 fully unreadable
[0417/215507.728:ERROR:process_info.cc(625)] range at 0xfed83000, size 0xf84 fully unreadable
[0417/215507.728:ERROR:process_info.cc(625)] range at 0xfed80000, size 0xf84 fully unreadable
[0417/215507.728:ERROR:process_info.cc(625)] range at 0xfed7d000, size 0xf84 fully unreadable
[0417/215507.728:ERROR:process_info.cc(625)] range at 0xfed7a000, size 0xf84 fully unreadable
[0417/215507.728:ERROR:process_info.cc(625)] range at 0xfed77000, size 0xf84 fully unreadable
[0417/215507.728:ERROR:process_info.cc(625)] range at 0xfed74000, size 0xf84 fully unreadable
[0417/215507.728:ERROR:process_info.cc(625)] range at 0xfed71000, size 0xf84 fully unreadable
[0417/215507.728:ERROR:process_info.cc(625)] range at 0xfed6e000, size 0xf84 fully unreadable
[0417/215507.728:ERROR:process_info.cc(625)] range at 0xfed6b000, size 0xf84 fully unreadable
[0417/215507.728:ERROR:process_info.cc(625)] range at 0xfed68000, size 0xf84 fully unreadable
[0417/222212.732:ERROR:process_info.cc(625)] range at 0xfee46000, size 0x230 fully unreadable
[0417/222212.779:ERROR:process_info.cc(625)] range at 0xfee4f000, size 0xf84 fully unreadable
[0417/222212.779:ERROR:process_info.cc(625)] range at 0xfee4c000, size 0xf84 fully unreadable
[0417/222212.779:ERROR:process_info.cc(625)] range at 0xfee49000, size 0xf84 fully unreadable
[0417/222212.779:ERROR:process_info.cc(625)] range at 0xfed1f000, size 0xf84 fully unreadable
[0417/222212.779:ERROR:process_info.cc(625)] range at 0xfed1c000, size 0xf84 fully unreadable
[0421/000134.491:ERROR:process_info.cc(343)] VirtualQueryEx: Acesso negado. (0x5)
[0421/000134.492:ERROR:process_info.cc(564)] ReadMemoryInfo failed
[0421/000134.494:ERROR:process_reader_win.cc(142)] SuspendThread: Acesso negado. (0x5)
[0421/000134.494:ERROR:exception_snapshot_win.cc(87)] thread ID 3724 not found in process
[0421/000134.494:WARNING:crash_report_exception_handler.cc(60)] ProcessSnapshotWin::Initialize failed
[0421/000134.494:ERROR:scoped_process_suspend.cc(38)] NtResumeProcess: Tentou-se acessar um processo de saída.  (0xc000010a)
